0 info it worked if it ends with ok
1 verbose cli [ '/usr/bin/node', '/usr/bin/npm', 'init' ]
2 info using npm@3.5.2
3 info using node@v8.10.0
4 silly package data { name: 'fav-movies',
4 silly package data   version: '1.0.0',
4 silly package data   main: 'index.js',
4 silly package data   dependencies: { 'json-server': '^0.14.2' },
4 silly package data   devDependencies: { webpack: '^4.29.6', 'webpack-cli': '^3.2.3' },
4 silly package data   scripts: { test: 'echo "Error: no test specified" && exit 1' },
4 silly package data   repository:
4 silly package data    { type: 'git',
4 silly package data      url: 'git+https://github.com/Jaswanth-Stackroute/movie-masti.git' },
4 silly package data   keywords: [],
4 silly package data   author: '',
4 silly package data   license: 'ISC',
4 silly package data   bugs:
4 silly package data    { url: 'https://github.com/Jaswanth-Stackroute/movie-masti/issues' },
4 silly package data   homepage: 'https://github.com/Jaswanth-Stackroute/movie-masti#readme',
4 silly package data   description: '' }
5 info init written successfully
6 verbose stack Error: EACCES: permission denied, open '/home/stackroute6/Desktop/web-development/fav-movies/package.json'
7 verbose cwd /home/stackroute6/Desktop/web-development/fav-movies
8 error Linux 4.15.0-45-generic
9 error argv "/usr/bin/node" "/usr/bin/npm" "init"
10 error node v8.10.0
11 error npm  v3.5.2
12 error path /home/stackroute6/Desktop/web-development/fav-movies/package.json
13 error code EACCES
14 error errno -13
15 error syscall open
16 error Error: EACCES: permission denied, open '/home/stackroute6/Desktop/web-development/fav-movies/package.json'
16 error  { Error: EACCES: permission denied, open '/home/stackroute6/Desktop/web-development/fav-movies/package.json'
16 error   errno: -13,
16 error   code: 'EACCES',
16 error   syscall: 'open',
16 error   path: '/home/stackroute6/Desktop/web-development/fav-movies/package.json' }
17 error Please try running this command again as root/Administrator.
18 verbose exit [ -13, true ]
